
time: 02-24-34 : 30-11-2017

ops 

time: 02-25-21 : 30-11-2017
 ghhhhhh
 ops 

time: 02-43-23 : 30-11-2017
 ghhhhhh
 ops 

time: 02-43-36 : 30-11-2017
 ghhhhhh
 ops 

time: 02-43-43 : 30-11-2017
 ghhhhhh
 ops 
time: 02-44-49 : 30-11-2017 ghhhhhh  ops 
time: 02-45-07 : 30-11-2017 ghhhhhh  ops 
time: 02-45-44 : 30-11-2017 ERROR_MESSAGE:ghhhhhh ops 
time: 03-06-44 : 30-11-2017 ERROR_MESSAGE:/var/www/pr-of-it/App/Controllers/News.php line 22 404 
time: 03-08-16 : 30-11-2017 ERROR_MESSAGE:404  /var/www/pr-of-it/App/Controllers/News.php line 22
time: 03-09-28 : 30-11-2017 ERROR_MESSAGE:404  file:/var/www/pr-of-it/App/Controllers/News.php line 22
